<?xml version="1.0" encoding="UTF-8"?>
<testng-results skipped="0" failed="0" ignored="0" total="1" passed="1">
  <reporter-output>
  </reporter-output>
  <suite name="Default suite" duration-ms="9100" started-at="2024-04-28T03:41:59Z" finished-at="2024-04-28T03:42:08Z">
    <groups>
    </groups>
    <test name="Default test" duration-ms="9100" started-at="2024-04-28T03:41:59Z" finished-at="2024-04-28T03:42:08Z">
      <class name="Basics.check">
        <test-method status="PASS" signature="test()[pri:0, instance:Basics.check@2b98378d]" name="test" duration-ms="9059" started-at="2024-04-28T03:41:59Z" finished-at="2024-04-28T03:42:08Z">
          <reporter-output>
          </reporter-output>
        </test-method> <!-- test -->
      </class> <!-- Basics.check -->
    </test> <!-- Default test -->
  </suite> <!-- Default suite -->
</testng-results>
